<?xml version="1.0" encoding="UTF-8"?>
<!-- Generated by org.testng.reporters.JUnitReportReporter -->
<testsuite hostname="Riz" failures="0" tests="1" name="com.aqms.AirQualityMonitoringSystemTests" time="2.566" errors="0" timestamp="2022-11-28T20:53:39 IST" skipped="0">
  <testcase classname="com.aqms.AirQualityMonitoringSystemTests" name="getSpecificFloorRequest" time="2.566"/>
  <system-out/>
</testsuite> <!-- com.aqms.AirQualityMonitoringSystemTests -->
